<?xml version="1.0" encoding="UTF-8"?>
<!-- Generated by org.testng.reporters.JUnitReportReporter -->
<testsuite hostname="Rahuls-MacBook-Air.local" failures="0" tests="2" name="Test01_Get" time="9.026" errors="0" timestamp="2023-03-16T10:09:13 IST" skipped="0">
  <testcase classname="Test01_Get" name="Test02" time="3.456"/>
  <system-out/>
  <testcase classname="Test01_Get" name="Test01" time="5.570"/>
  <system-out/>
</testsuite> <!-- Test01_Get -->
