<?xml version="1.0" encoding="UTF-8"?>
<!-- Generated by org.testng.reporters.JUnitReportReporter -->
<testsuite hostname="Rahuls-MacBook-Air.local" failures="0" tests="1" name="Test02_Get" time="2.194" errors="0" timestamp="2023-03-15T13:46:09 IST" skipped="0">
  <testcase classname="Test02_Get" name="test_1" time="2.194"/>
  <system-out/>
</testsuite> <!-- Test02_Get -->
